{
  "RSpec": {
    "coverage": {
      "/Users/student/tech-tests/bank-tech-test-rb/spec/unit/account_spec.rb": {
        "lines": [
          1,
          null,
          1,
          6,
          6,
          null,
          1,
          1,
          1,
          null,
          null,
          1,
          1,
          1,
          null,
          null,
          null,
          1,
          1,
          1,
          1,
          null,
          null,
          1,
          2,
          null,
          null,
          null,
          1,
          1,
          2,
          null,
          null,
          null,
          null
        ]
      },
      "/Users/student/tech-tests/bank-tech-test-rb/lib/account.rb": {
        "lines": [
          1,
          1,
          5,
          5,
          null,
          null,
          1,
          4,
          null,
          null,
          1,
          2,
          null,
          1,
          null,
          null,
          1,
          1,
          null,
          null
        ]
      },
      "/Users/student/tech-tests/bank-tech-test-rb/spec/unit/transaction_spec.rb": {
        "lines": [
          1,
          null,
          1,
          6,
          6,
          null,
          1,
          1,
          1,
          null,
          null,
          1,
          1,
          null,
          1,
          null,
          null,
          1,
          null,
          null,
          null,
          1,
          1,
          1,
          null,
          null,
          1,
          1,
          null,
          1,
          null,
          null,
          1,
          null,
          null,
          null,
          1,
          1,
          1,
          null,
          null,
          null
        ]
      },
      "/Users/student/tech-tests/bank-tech-test-rb/lib/transaction.rb": {
        "lines": [
          1,
          1,
          5,
          5,
          null,
          null,
          1,
          3,
          null,
          null,
          1,
          3,
          null,
          null,
          1,
          1,
          null,
          null,
          1,
          null,
          1,
          0,
          null,
          null
        ]
      }
    },
    "timestamp": 1584442108
  }
}
